Event backend in use: epoll

Loading preload files ...
/adm/daemons/securityd...
/adm/daemons/virtuald...
/adm/daemons/rankd...
/adm/daemons/commandd...
/adm/daemons/chinesed...
/adm/daemons/emoted...
/adm/daemons/channeld...
/adm/daemons/aliasd...
/adm/daemons/fingerd...
/adm/daemons/natured...
/adm/daemons/network/dns_master...
错误讯息被拦截: 
执行时段错误：*Error in loading object '/adm/daemons/network/dns_master'

程式：/adm/single/master.c 第 108 行
物件: /adm/single/master ("0(0)")
对象：0
呼叫来自：/adm/single/master.c 的 preload() 第 108 行，物件： /adm/single/master ("0(0)")
呼叫来自：/adm/single/master.c 的 CATCH() 第 108 行，物件： /adm/single/master ("0(0)")
/adm/daemons/logind...
/adm/daemons/questd.c...
/adm/daemons/cron.c...
Accepting connections on 0.0.0.0:7777.
Initializations complete.

******** FATAL ERROR: SIGINT: Process interrupted
FluffOS driver attempting to exit gracefully.
crash() in master called successfully.  Aborting.
