Tue Jan 01 00:35:30 2013 杀手不太(bbb)修改了伊西斯(isis)的密码。
Sun Jan  6 19:24:45 2013 杀手不太(bbb)修改了残阳如血(kjhm)的密码
Sun Jan  6 19:27:17 2013 杀手不太(bbb)修改了哎哟喂(moon)的密码
Sun Jan  6 19:27:45 2013 杀手不太(bbb)修改了溜达(hshs)的密码
Sun Jan  6 19:27:55 2013 杀手不太(bbb)修改了溜达(more)的密码
Sun Jan  6 19:28:13 2013 杀手不太(bbb)修改了剑云(jianyun)的密码
Sun Jan  6 19:28:51 2013 杀手不太(bbb)修改了小牛哞哞(niuniu)的密码
Sun Jan  6 19:30:33 2013 杀手不太(bbb)修改了清尘(firefly)的密码
Sun Jan  6 19:33:05 2013 杀手不太(bbb)修改了唐玉(terry)的密码
Sun Jan  6 19:33:53 2013 杀手不太(bbb)修改了霓裳(jackie)的密码
Sun Jan  6 19:34:29 2013 杀手不太(bbb)修改了七星龙渊(sosgm)的密码
Sun Jan  6 19:34:53 2013 杀手不太(bbb)修改了轩辕夏禹(sossword)的密码
Sun Jan  6 19:35:21 2013 杀手不太(bbb)修改了佛佛(rensup)的密码
Sun Jan  6 19:35:31 2013 杀手不太(bbb)修改了紫风筝(wtt)的密码
Sun Jan  6 19:35:41 2013 杀手不太(bbb)修改了拂柳(sosem)的密码
Sun Jan  6 19:36:56 2013 杀手不太(bbb)修改了同归于尽(mjxx)的密码
Sun Jan  6 19:37:34 2013 杀手不太(bbb)修改了笔记本(slls)的密码
Sun Jan  6 19:39:24 2013 杀手不太(bbb)修改了影歌(gunblade)的密码
Sun Jan  6 19:41:12 2013 杀手不太(bbb)修改了尘缘(intel)的密码
Sun Jan  6 19:41:38 2013 杀手不太(bbb)修改了笑笑(lok)的密码
Sun Jan  6 19:41:56 2013 杀手不太(bbb)修改了晨风(hkai)的密码
Sun Jan  6 19:42:20 2013 杀手不太(bbb)修改了宋元明清(panpan)的密码
Sun Jan  6 19:44:26 2013 杀手不太(bbb)修改了渡楼(wapa)的密码
Sun Jan  6 19:47:18 2013 杀手不太(bbb)修改了凡人(bookman)的密码
Sun Jan  6 19:47:44 2013 杀手不太(bbb)修改了双色球(pzhmn)的密码
Sun Jan  6 19:48:24 2013 杀手不太(bbb)修改了玄玄(dvc)的密码
Sun Jan  6 19:48:48 2013 杀手不太(bbb)修改了叫花郎(dvcc)的密码
Sun Jan  6 19:49:26 2013 杀手不太(bbb)修改了低调(didiao)的密码
Sun Jan  6 19:50:54 2013 杀手不太(bbb)修改了脆皮甜筒(nether)的密码
Sun Jan  6 19:51:22 2013 杀手不太(bbb)修改了张太极(ztj)的密码
Sun Jan  6 19:51:30 2013 杀手不太(bbb)修改了张太极(zjj)的密码
Sun Jan  6 19:51:54 2013 杀手不太(bbb)修改了红茶(redtea)的密码
Sun Jan  6 19:52:04 2013 杀手不太(bbb)修改了铁观音(yingtea)的密码
Sun Jan  6 19:58:09 2013 杀手不太(bbb)修改了张太极(ztj)的密码
Sun Jan  6 20:00:11 2013 杀手不太(bbb)修改了钟惊鸟(nobird)的密码
Sun Jan  6 20:00:43 2013 杀手不太(bbb)修改了张天忌(zwj)的密码
Sun Jan  6 20:01:15 2013 杀手不太(bbb)修改了奥特曼(atm)的密码
Sun Jan  6 20:08:07 2013 杀手不太(bbb)修改了笑傲江湖(okyes)的密码
Sun Jan  6 20:08:17 2013 杀手不太(bbb)修改了慕容风云(iphone)的密码
Sun Jan  6 20:08:35 2013 杀手不太(bbb)修改了灭毁灭(html)的密码
Sun Jan  6 20:08:49 2013 杀手不太(bbb)修改了慕容清(wakeup)的密码
Sun Jan  6 20:09:05 2013 杀手不太(bbb)修改了小哥哥(dlslt)的密码
Sun Jan  6 20:09:13 2013 杀手不太(bbb)修改了伊人子(swterate)的密码
Sun Jan  6 20:16:47 2013 杀手不太(bbb)修改了船船(ppclark)的密码
Sun Jan  6 20:17:55 2013 杀手不太(bbb)修改了大杀器(clark)的密码
Sun Jan  6 20:18:03 2013 杀手不太(bbb)修改了呜呜呜(www)的密码
Sun Jan  6 20:18:07 2013 杀手不太(bbb)修改了鹅鹅鹅(eee)的密码
Sun Jan  6 20:18:13 2013 杀手不太(bbb)修改了任溶溶(rrr)的密码
Sun Jan  6 20:18:25 2013 杀手不太(bbb)修改了天使(chatter)的密码
Sun Jan  6 20:21:42 2013 杀手不太(bbb)修改了天之杀戮(brave)的密码
Sun Jan  6 20:21:56 2013 杀手不太(bbb)修改了剑舞(dance)的密码
Sun Jan  6 20:22:06 2013 杀手不太(bbb)修改了紫川(light)的密码
Sun Jan  6 20:22:16 2013 杀手不太(bbb)修改了雨夜(rain)的密码
Sun Jan  6 20:22:26 2013 杀手不太(bbb)修改了云舞(skill)的密码
Sun Jan  6 20:22:36 2013 杀手不太(bbb)修改了风无痕(wind)的密码
Sun Jan  6 20:29:06 2013 杀手不太(bbb)修改了风中红叶(nicky)的密码
Sun Jan  6 20:29:14 2013 杀手不太(bbb)修改了魑魅(tzssppxj)的密码
Sun Jan  6 20:35:22 2013 杀手不太(bbb)修改了光光(kkyc)的密码
Sun Jan  6 20:45:49 2013 杀手不太(bbb)修改了云昕(nuo)的密码
Sun Jan  6 20:46:09 2013 杀手不太(bbb)修改了金金(licha)的密码
Sun Jan  6 20:49:11 2013 杀手不太(bbb)修改了小不点(coco)的密码
Sun Jan  6 21:14:06 2013 杀手不太(bbb)修改了樱鹰(yinger)的密码
Sun Jan  6 21:14:46 2013 杀手不太(bbb)修改了火火(fire)的密码
Sun Jan  6 21:15:36 2013 杀手不太(bbb)修改了神龙帅哥(dashi)的密码
Sun Jan  6 21:16:10 2013 杀手不太(bbb)修改了冰雪飞舞(feiwu)的密码
Sun Jan  6 21:17:06 2013 杀手不太(bbb)修改了民工甲(workera)的密码
Sun Jan  6 21:17:08 2013 杀手不太(bbb)修改了民工乙(workerb)的密码
Sun Jan  6 21:17:12 2013 杀手不太(bbb)修改了民工丙(workerc)的密码
Sun Jan  6 21:17:36 2013 杀手不太(bbb)修改了民工丁(workerd)的密码
Sun Jan  6 21:24:53 2013 杀手不太(bbb)修改了啦啦啦(damia)的密码
Sun Jan  6 21:24:57 2013 杀手不太(bbb)修改了啊啊啊(damib)的密码
Sun Jan  6 21:24:59 2013 杀手不太(bbb)修改了啊啊啊(damic)的密码
Sun Jan  6 21:25:01 2013 杀手不太(bbb)修改了啊啊啊(damid)的密码
Sun Jan  6 21:25:05 2013 杀手不太(bbb)修改了啊啊啊(damie)的密码
Sun Jan  6 21:25:07 2013 杀手不太(bbb)修改了啊啊啊(damid)的密码
Sun Jan  6 21:25:09 2013 杀手不太(bbb)修改了啊啊啊(damie)的密码
Sun Jan  6 21:25:11 2013 杀手不太(bbb)修改了啊啊啊(damif)的密码
Sun Jan  6 21:25:15 2013 杀手不太(bbb)修改了啊啊啊(damig)的密码
Sun Jan  6 21:25:17 2013 杀手不太(bbb)修改了啊啊啊(damih)的密码
Sun Jan  6 21:25:21 2013 杀手不太(bbb)修改了啊啊啊(damij)的密码
Sun Jan  6 21:25:23 2013 杀手不太(bbb)修改了啊啊啊(damik)的密码
Sun Jan  6 21:25:25 2013 杀手不太(bbb)修改了啊啊啊(damil)的密码
Sun Jan  6 21:25:29 2013 杀手不太(bbb)修改了啊啊啊(damim)的密码
Sun Jan  6 21:25:31 2013 杀手不太(bbb)修改了啊啊啊(damin)的密码
Sun Jan  6 21:26:59 2013 杀手不太(bbb)修改了慕容大米(mrdummy)的密码
Sun Jan  6 21:27:09 2013 杀手不太(bbb)修改了额额额(mrdumy)的密码
Sun Jan  6 21:27:21 2013 杀手不太(bbb)修改了钱钱(mrdummyy)的密码
Sun Jan  6 21:33:51 2013 杀手不太(bbb)修改了暗夜(anye)的密码
Sun Jan  6 21:48:20 2013 杀手不太(bbb)修改了纯净水(ilovemin)的密码
Sun Jan  6 21:48:28 2013 杀手不太(bbb)修改了慕容云天(yuntian)的密码
Sun Jan  6 21:48:36 2013 杀手不太(bbb)修改了余觉(yuj)的密码
Sun Jan  6 21:50:22 2013 杀手不太(bbb)修改了大旗(daqi)的密码
Sun Jan  6 21:51:04 2013 杀手不太(bbb)修改了阿童木(atom)的密码
Mon Jan  7 09:56:59 2013 杀手不太(bbb)修改了丘比特(cupid)的密码
Mon Jan  7 10:00:43 2013 杀手不太(bbb)修改了晓晓(ilovezx)的密码
Mon Jan  7 10:01:49 2013 杀手不太(bbb)修改了萧秋水(top)的密码
Mon Jan  7 10:01:57 2013 杀手不太(bbb)修改了骚狐(dgb)的密码
Mon Jan  7 10:02:05 2013 杀手不太(bbb)修改了甄欢(beauty)的密码
Mon Jan  7 10:02:13 2013 杀手不太(bbb)修改了肚皮(river)的密码
Mon Jan  7 10:05:03 2013 杀手不太(bbb)修改了丘比特(cupid)的密码
Mon Jan  7 10:24:10 2013 杀手不太(bbb)修改了黑魅(jxczqpwo)的密码
Mon Jan  7 12:03:13 2013 杀手不太(bbb)修改了莫尘(kick)的密码
Mon Jan  7 12:03:59 2013 杀手不太(bbb)修改了联欢(lianhuan)的密码
Mon Jan  7 12:04:11 2013 杀手不太(bbb)修改了哈喽(hello)的密码
Mon Jan  7 12:04:17 2013 杀手不太(bbb)修改了小妞(gbniu)的密码
Mon Jan  7 13:04:40 2013 杀手不太(bbb)修改了冻死人(cool)的密码
Mon Jan  7 13:11:18 2013 杀手不太(bbb)修改了倚天(yitian)的密码
Mon Jan  7 13:39:53 2013 杀手不太(bbb)修改了食尸鬼(ghoul)的密码
Mon Jan  7 14:27:40 2013 杀手不太(bbb)修改了伊西斯(isis)的密码
Mon Jan  7 21:30:00 2013 杀手不太(bbb)修改了仙魔(max)的密码
Tue Jan  8 10:21:25 2013 杀手不太(bbb)修改了慕容油钱(mraaa)的密码
Tue Jan  8 10:21:35 2013 杀手不太(bbb)修改了慕容有钱(mrddd)的密码
Tue Jan  8 10:21:51 2013 杀手不太(bbb)修改了与或非(yuhf)的密码
Tue Jan  8 12:02:08 2013 杀手不太(bbb)修改了白板(orz)的密码
Tue Jan  8 12:03:10 2013 杀手不太(bbb)修改了嘟嘟(slxx)的密码
Tue Jan  8 17:18:40 2013 杀手不太(bbb)修改了鬼子(blade)的密码
Tue Jan  8 20:20:45 2013 杀手不太(bbb)修改了咕咕(google)的密码
Tue Jan  8 20:20:51 2013 杀手不太(bbb)修改了白度(baidu)的密码
Tue Jan  8 20:23:39 2013 杀手不太(bbb)修改了秋水梅(lijili)的密码
Tue Jan  8 20:23:51 2013 杀手不太(bbb)修改了花之伤(ilijii)的密码
Tue Jan  8 20:23:57 2013 杀手不太(bbb)修改了搜狐天下(sohu)的密码
Tue Jan  8 20:24:03 2013 杀手不太(bbb)修改了心浪(sina)的密码
Tue Jan  8 20:34:49 2013 杀手不太(bbb)修改了自在天(joshua)的密码
Thu Jan 10 08:34:06 2013 杀手不太(bbb)修改了青龙(kkyg)的密码
Fri Jan 11 21:52:44 2013 杀手不太(bbb)修改了浇花(jiaohuae)的密码
Fri Jan 11 21:52:52 2013 杀手不太(bbb)修改了浇花(jiaohuaf)的密码
Fri Jan 11 21:52:54 2013 杀手不太(bbb)修改了浇花(jiaohuag)的密码
Fri Jan 11 21:52:58 2013 杀手不太(bbb)修改了浇花(jiaohuah)的密码
Fri Jan 11 21:53:04 2013 杀手不太(bbb)修改了张脆山(score)的密码
Tue Jan 15 08:27:10 2013 杀手不太(bbb)修改了贝克汉姆(beckham)的密码
Thu Jan 17 16:22:10 2013 杀手不太(bbb)修改了云端(looklove)的密码
Thu Jan 17 23:10:09 2013 杀手不太(bbb)修改了慕容云天(yuntian)的密码。
Thu Jan 17 23:10:17 2013 杀手不太(bbb)修改了纯净水(ilovemin)的密码。
Sun Feb 17 21:25:26 2013 杀手不太(bbb)修改了天下有雪(warrior)的密码
Wed Apr 24 13:53:19 2013 杀手不太(bbb)修改了上官不败(tzssppxj)的密码。
Wed Sep 18 13:21:35 2013 杀手不太(bbb)修改了慕容鱼(asklin)的密码
Wed Sep 18 13:21:45 2013 杀手不太(bbb)修改了凌志(lexus)的密码
Fri Nov 15 18:34:02 2013 杀手不太(bbb)修改了火球子(fireball)的密码
Fri Nov 29 14:28:46 2013 杀手不太(bbb)修改了哎哟喂(moon)的密码
Thu Dec 26 21:50:01 2013 杀手不太(bbb)修改了钟惊鸟(nobird)的密码
Sat Mar 22 23:47:29 2014 我是假的(bbb)修改了荼毒子(houyi)的密码
Fri Jul 18 11:23:25 2014 我是假的(bbb)修改了笑傲江湖(okyes)的密码
Fri Jul 18 11:23:47 2014 我是假的(bbb)修改了慕容风云(iphone)的密码
Fri Jul 18 11:24:17 2014 我是假的(bbb)修改了慕容清(wakeup)的密码
Fri Jul 18 11:24:31 2014 我是假的(bbb)修改了灭毁灭(html)的密码
Fri Sep 12 13:22:19 2014 我是假的(bbb)修改了干柴(ganchai)的密码
Fri Sep 12 13:22:29 2014 我是假的(bbb)修改了烈火(liehuo)的密码
Mon Nov  3 19:59:35 2014 我是假的(bbb)修改了豆豆(duckcwl)的密码
