Failed to load condition daemon /kungfu/condition/chanchu_poison, removed from /d/xiangyang/npc/weishi#149166 ("蒙古卫士(Weishi)")
Error: 0
Failed to load condition daemon /kungfu/condition/chanchu_poison, removed from /clone/animal/snake#174518 ("腹蛇(Du she)")
Error: 0
Failed to load condition daemon /kungfu/condition/chanchu_poison, removed from /d/tls/npc/liao-qing#416749 ("了清禅师(Liaoqing chanshi)")
Error: 0
Failed to load condition daemon /kungfu/condition/chanchu_poison, removed from /d/dali/npc/sikong#158745 ("巴天石(Ba tianshi)")
Error: 0
Failed to load condition daemon /kungfu/condition/chanchu_poison, removed from /d/xiangyang/npc/duxing-daxia#33078 ("独行大侠(Duxing daxia)")
Error: 0
Failed to load condition daemon /kungfu/condition/chanchu_poison, removed from /d/xingxiu/npc/bing#1091 ("回族兵(Huizu bing)")
Error: 0
Failed to load condition daemon /kungfu/condition/chanchu_poison, removed from /d/xingxiu/npc/biaoshi#210593 ("护镖镖师(Hubiao biaoshi)")
Error: 0
Failed to load condition daemon /kungfu/condition/chanchu_poison, removed from /d/xiangyang/npc/wanyan#142516 ("完颜萍(Wanyan ping)")
Error: 0
Failed to load condition daemon /kungfu/condition/chanchu_poison, removed from /d/dali/wangfu/npc/dzc#32856 ("段正淳(Duan zhengchun)")
Error: 0
Failed to load condition daemon /kungfu/condition/chanchu_poison, removed from /d/dali/wangfu/npc/dzc#32856 ("段正淳(Duan zhengchun)")
Error: 0
Failed to load condition daemon /kungfu/condition/chanchu_poison, removed from /d/huashan/npc/mmr#3916426 ("蒙面人(Mengmian ren)")
Error: 0
Failed to load condition daemon /kungfu/condition/dmd_time, removed from /clone/user/user#3720418 ("杀手不太(Bbb)")
Error: 0
